{"E:\\webacad\\web-academy-t4\\16-TesteDeSoftware\\tp01\\src\\utils\\validacoes.js": {"path":"E:\\webacad\\web-academy-t4\\16-TesteDeSoftware\\tp01\\src\\utils\\validacoes.js","statementMap":{"0":{"start":{"line":8,"column":10},"end":{"line":8,"column":11}},"1":{"start":{"line":10,"column":19},"end":{"line":10,"column":42}},"2":{"start":{"line":13,"column":2},"end":{"line":15,"column":3}},"3":{"start":{"line":14,"column":4},"end":{"line":14,"column":38}},"4":{"start":{"line":14,"column":32},"end":{"line":14,"column":38}},"5":{"start":{"line":18,"column":2},"end":{"line":20,"column":17}},"6":{"start":{"line":18,"column":27},"end":{"line":18,"column":46}},"7":{"start":{"line":20,"column":7},"end":{"line":20,"column":17}},"8":{"start":{"line":32,"column":18},"end":{"line":38,"column":3}},"9":{"start":{"line":40,"column":28},"end":{"line":40,"column":48}},"10":{"start":{"line":42,"column":2},"end":{"line":43,"column":19}},"11":{"start":{"line":42,"column":38},"end":{"line":42,"column":51}},"12":{"start":{"line":43,"column":7},"end":{"line":43,"column":19}},"13":{"start":{"line":61,"column":14},"end":{"line":61,"column":15}},"14":{"start":{"line":62,"column":2},"end":{"line":65,"column":3}},"15":{"start":{"line":62,"column":15},"end":{"line":62,"column":16}},"16":{"start":{"line":64,"column":4},"end":{"line":64,"column":56}},"17":{"start":{"line":66,"column":2},"end":{"line":66,"column":15}},"18":{"start":{"line":69,"column":0},"end":{"line":73,"column":2}}},"fnMap":{"0":{"name":"primeiroNome","decl":{"start":{"line":7,"column":9},"end":{"line":7,"column":21}},"loc":{"start":{"line":7,"column":36},"end":{"line":21,"column":1}},"line":7},"1":{"name":"verificarDisponibilidadeEstoque","decl":{"start":{"line":31,"column":9},"end":{"line":31,"column":40}},"loc":{"start":{"line":31,"column":66},"end":{"line":44,"column":1}},"line":31},"2":{"name":"calcularPrecoTotal","decl":{"start":{"line":60,"column":9},"end":{"line":60,"column":27}},"loc":{"start":{"line":60,"column":38},"end":{"line":67,"column":1}},"line":60}},"branchMap":{"0":{"loc":{"start":{"line":14,"column":4},"end":{"line":14,"column":38}},"type":"if","locations":[{"start":{"line":14,"column":4},"end":{"line":14,"column":38}},{"start":{},"end":{}}],"line":14},"1":{"loc":{"start":{"line":18,"column":2},"end":{"line":20,"column":17}},"type":"if","locations":[{"start":{"line":18,"column":2},"end":{"line":20,"column":17}},{"start":{"line":20,"column":7},"end":{"line":20,"column":17}}],"line":18},"2":{"loc":{"start":{"line":42,"column":2},"end":{"line":43,"column":19}},"type":"if","locations":[{"start":{"line":42,"column":2},"end":{"line":43,"column":19}},{"start":{"line":43,"column":7},"end":{"line":43,"column":19}}],"line":42}},"s":{"0":6,"1":6,"2":6,"3":13,"4":4,"5":6,"6":4,"7":2,"8":5,"9":5,"10":5,"11":2,"12":3,"13":4,"14":4,"15":4,"16":9,"17":4,"18":1},"f":{"0":6,"1":5,"2":4},"b":{"0":[4,9],"1":[4,2],"2":[2,3]},"_coverageSchema":"1a1c01bbd47fc00a2c39e90264f33305004495a9","hash":"69ea4a1f22321c98e88038ea097ddea8c7f7944e"}
}
